1619781086593	geckodriver	INFO	Listening on 127.0.0.1:49171
1619781086629	mozrunner::runner	INFO	Running command: "/usr/bin/firefox" "--marionette" "-foreground" "-no-remote" "-profile" "/tmp/rust_mozprofilemw40FL"
[GFX1-]: More than 1 GPU from same vendor detected via PCI, cannot deduce device
1619781092395	Marionette	INFO	Marionette enabled
console.info: MINT: Trying to use the system region (based on LANG).
console.info: MINT: System region is US
console.warn: SearchSettings: "get: No settings file exists, new profile?" (new Error("", "(unknown module)"))
console.info: MINT: Loading search-config defaults.
JavaScript error: resource://gre/modules/TelemetryUtils.jsm, line 159: TypeError: date is undefined
1619781116335	Marionette	INFO	Listening on port 44331
1619781116677	Marionette	WARN	TLS certificate errors will be ignored for this session
1619781137362	Marionette	WARN	TimedPromise timed out after 500 ms: stacktrace:
TimedPromise/<@chrome://marionette/content/sync.js:237:19
TimedPromise@chrome://marionette/content/sync.js:222:10
interaction.flushEventLoop@chrome://marionette/content/interaction.js:431:10
webdriverClickElement@chrome://marionette/content/interaction.js:179:31
JavaScript warning: https://pagead2.googlesyndication.com/bg/JxtSU23QilcS3Hq1d95Pny_YZBvVU4F37ng-NXn3n2o.js line 1 > eval line 1949 > eval line 1 > eval, line 1: WebGL warning: <Create>: WebglAllowWindowsNativeGl:false restricts context creation on this system.
JavaScript warning: https://pagead2.googlesyndication.com/bg/JxtSU23QilcS3Hq1d95Pny_YZBvVU4F37ng-NXn3n2o.js line 1 > eval line 1949 > eval line 1 > eval, line 1: Failed to create WebGL context: WebGL creation failed: 
* WebglAllowWindowsNativeGl:false restricts context creation on this system.
* Exhausted GL driver options.
1619781270486	Marionette	INFO	Stopped listening on port 44331
